[2021-03-10 05:59:16.435] [exthost] [info] extension host started
[2021-03-10 05:59:16.508] [exthost] [info] ExtensionService#_doActivateExtension ms-toolsai.jupyter {"startup":false,"extensionId":{"value":"ms-toolsai.jupyter","_lower":"ms-toolsai.jupyter"},"activationEvent":"onLanguage:python"}
[2021-03-10 05:59:16.509] [exthost] [info] ExtensionService#loadCommonJSModule file:///root/.vscode-server/extensions/ms-toolsai.jupyter-2021.3.619093157/out/client/extension
[2021-03-10 05:59:16.826] [exthost] [info] ExtensionService#_doActivateExtension vscode.debug-auto-launch {"startup":true,"extensionId":{"value":"vscode.debug-auto-launch","_lower":"vscode.debug-auto-launch"},"activationEvent":"*"}
[2021-03-10 05:59:16.826] [exthost] [info] ExtensionService#loadCommonJSModule file:///root/.vscode-server/bin/f30a9b73e8ffc278e71575118b6bf568f04587c8/extensions/debug-auto-launch/dist/extension
[2021-03-10 05:59:16.830] [exthost] [info] ExtensionService#_doActivateExtension vscode.git {"startup":true,"extensionId":{"value":"vscode.github","_lower":"vscode.github"},"activationEvent":"*"}
[2021-03-10 05:59:16.830] [exthost] [info] ExtensionService#loadCommonJSModule file:///root/.vscode-server/bin/f30a9b73e8ffc278e71575118b6bf568f04587c8/extensions/git/dist/main
[2021-03-10 05:59:16.994] [exthost] [info] ExtensionService#_doActivateExtension vscode.github {"startup":true,"extensionId":{"value":"vscode.github","_lower":"vscode.github"},"activationEvent":"*"}
[2021-03-10 05:59:16.994] [exthost] [info] ExtensionService#loadCommonJSModule file:///root/.vscode-server/bin/f30a9b73e8ffc278e71575118b6bf568f04587c8/extensions/github/dist/extension.js
[2021-03-10 05:59:17.492] [exthost] [info] ExtensionService#_doActivateExtension vscode.emmet {"startup":false,"extensionId":{"value":"vscode.emmet","_lower":"vscode.emmet"},"activationEvent":"onStartupFinished"}
[2021-03-10 05:59:17.492] [exthost] [info] ExtensionService#loadCommonJSModule file:///root/.vscode-server/bin/f30a9b73e8ffc278e71575118b6bf568f04587c8/extensions/emmet/dist/node/emmetNodeMain
[2021-03-10 05:59:17.508] [exthost] [info] ExtensionService#_doActivateExtension vscode.merge-conflict {"startup":false,"extensionId":{"value":"vscode.merge-conflict","_lower":"vscode.merge-conflict"},"activationEvent":"onStartupFinished"}
[2021-03-10 05:59:17.508] [exthost] [info] ExtensionService#loadCommonJSModule file:///root/.vscode-server/bin/f30a9b73e8ffc278e71575118b6bf568f04587c8/extensions/merge-conflict/dist/mergeConflictMain
[2021-03-10 05:59:17.511] [exthost] [info] ExtensionService#_doActivateExtension vscode.testing-editor-contributions {"startup":false,"extensionId":{"value":"vscode.testing-editor-contributions","_lower":"vscode.testing-editor-contributions"},"activationEvent":"onStartupFinished"}
[2021-03-10 05:59:17.511] [exthost] [info] ExtensionService#loadCommonJSModule file:///root/.vscode-server/bin/f30a9b73e8ffc278e71575118b6bf568f04587c8/extensions/testing-editor-contributions/dist/extension.js
[2021-03-10 05:59:17.513] [exthost] [info] eager extensions activated
[2021-03-10 05:59:17.567] [exthost] [info] ExtensionService#_doActivateExtension ms-vscode.js-debug {"startup":false,"extensionId":{"value":"ms-vscode.js-debug","_lower":"ms-vscode.js-debug"},"activationEvent":"onCommand:extension.js-debug.clearAutoAttachVariables"}
[2021-03-10 05:59:17.567] [exthost] [info] ExtensionService#loadCommonJSModule file:///root/.vscode-server/bin/f30a9b73e8ffc278e71575118b6bf568f04587c8/extensions/ms-vscode.js-debug/src/extension.js
[2021-03-10 05:59:17.854] [exthost] [info] ExtensionService#_doActivateExtension ms-python.python {"startup":false,"extensionId":{"value":"ms-python.python","_lower":"ms-python.python"},"activationEvent":"onLanguage:python"}
[2021-03-10 05:59:17.854] [exthost] [info] ExtensionService#loadCommonJSModule file:///root/.vscode-server/extensions/ms-python.python-2021.2.633441544/out/client/extension
[2021-03-10 06:06:16.805] [exthost] [info] extension host terminating: received terminate message from renderer
[2021-03-10 06:06:17.845] [exthost] [info] exiting with code 0
