Looking for git in: git
Using git 2.17.1 from git
> git rev-parse --git-dir
Open repository: /root/moviesajo-1
> git status -z -u
> git symbolic-ref --short HEAD
> git for-each-ref --format=%(refname)%00%(upstream:short)%00%(upstream:track)%00%(objectname) refs/heads/master refs/remotes/master
> git for-each-ref --sort -committerdate --format %(refname) %(objectname) %(*objectname)
> git remote --verbose
Warning: Failed to watch ref '/root/moviesajo-1/.git/refs/remotes/origin/master', is most likely packed.
> git config --get commit.template
> git check-ignore -v -z --stdin
> git check-ignore -v -z --stdin
> git show --textconv :moviesajo/__init__.py
> git ls-files --stage -- /root/moviesajo-1/moviesajo/__init__.py
> git cat-file -s e69de29bb2d1d6434b8b29ae775ad8c2e48c5391
> git show --textconv :moviesajo/settings.py
> git ls-files --stage -- /root/moviesajo-1/moviesajo/settings.py
> git cat-file -s 11fe4fae5809486e7f724ff08bbdeccb36566bb0
> git show --textconv :moviesajo/urls.py
> git ls-files --stage -- /root/moviesajo-1/moviesajo/urls.py
> git cat-file -s 993239216501bc60753400f0eb91b905f65b5ea0
> git status -z -u
> git symbolic-ref --short HEAD
> git for-each-ref --format=%(refname)%00%(upstream:short)%00%(upstream:track)%00%(objectname) refs/heads/master refs/remotes/master
> git ls-files --stage -- /root/moviesajo-1/moviesajo/urls.py
> git for-each-ref --sort -committerdate --format %(refname) %(objectname) %(*objectname)
> git remote --verbose
Warning: Failed to watch ref '/root/moviesajo-1/.git/refs/remotes/origin/master', is most likely packed.
> git config --get commit.template
> git cat-file -s 993239216501bc60753400f0eb91b905f65b5ea0
> git show --textconv :moviesajo/urls.py
> git ls-files --stage -- /root/moviesajo-1/moviesajo/urls.py
> git cat-file -s 993239216501bc60753400f0eb91b905f65b5ea0
> git show --textconv :moviesajo/urls.py
> git status -z -u
> git symbolic-ref --short HEAD
> git for-each-ref --format=%(refname)%00%(upstream:short)%00%(upstream:track)%00%(objectname) refs/heads/master refs/remotes/master
> git for-each-ref --sort -committerdate --format %(refname) %(objectname) %(*objectname)
> git remote --verbose
Warning: Failed to watch ref '/root/moviesajo-1/.git/refs/remotes/origin/master', is most likely packed.
> git config --get commit.template
> git status -z -u
> git symbolic-ref --short HEAD
> git for-each-ref --format=%(refname)%00%(upstream:short)%00%(upstream:track)%00%(objectname) refs/heads/master refs/remotes/master
> git for-each-ref --sort -committerdate --format %(refname) %(objectname) %(*objectname)
> git remote --verbose
Warning: Failed to watch ref '/root/moviesajo-1/.git/refs/remotes/origin/master', is most likely packed.
> git config --get commit.template
> git show --textconv :moviesajo/__init__.py
> git ls-files --stage -- /root/moviesajo-1/moviesajo/__init__.py
> git cat-file -s e69de29bb2d1d6434b8b29ae775ad8c2e48c5391
> git log --format=%H%n%aN%n%aE%n%at%n%ct%n%P%n%B -z -n21 -- /root/moviesajo-1/moviesajo/__init__.py
> git show --textconv :moviesajo/asgi.py
> git ls-files --stage -- /root/moviesajo-1/moviesajo/asgi.py
> git cat-file -s baad9a9db4b4a8228c9a195c578eca337d394143
> git show --textconv :moviesajo/__init__.py
> git ls-files --stage -- /root/moviesajo-1/moviesajo/__init__.py
> git cat-file -s e69de29bb2d1d6434b8b29ae775ad8c2e48c5391
> git status -z -u
> git symbolic-ref --short HEAD
> git for-each-ref --format=%(refname)%00%(upstream:short)%00%(upstream:track)%00%(objectname) refs/heads/master refs/remotes/master
> git for-each-ref --sort -committerdate --format %(refname) %(objectname) %(*objectname)
> git remote --verbose
Warning: Failed to watch ref '/root/moviesajo-1/.git/refs/remotes/origin/master', is most likely packed.
> git config --get commit.template
git.stage 1
git.stage.scmResources 1
> git add -A -- /root/moviesajo-1/moviesajo/__init__.py
> git status -z -u
> git symbolic-ref --short HEAD
> git for-each-ref --format=%(refname)%00%(upstream:short)%00%(upstream:track)%00%(objectname) refs/heads/master refs/remotes/master
> git for-each-ref --sort -committerdate --format %(refname) %(objectname) %(*objectname)
> git remote --verbose
Warning: Failed to watch ref '/root/moviesajo-1/.git/refs/remotes/origin/master', is most likely packed.
> git config --get commit.template
> git ls-files --stage -- /root/moviesajo-1/moviesajo/__init__.py
> git cat-file -s bf3d68f4a0a1c5f69fd700f64679d70f3b234f09
> git show --textconv :moviesajo/__init__.py
> git status -z -u
> git symbolic-ref --short HEAD
> git for-each-ref --format=%(refname)%00%(upstream:short)%00%(upstream:track)%00%(objectname) refs/heads/master refs/remotes/master
> git for-each-ref --sort -committerdate --format %(refname) %(objectname) %(*objectname)
> git remote --verbose
Warning: Failed to watch ref '/root/moviesajo-1/.git/refs/remotes/origin/master', is most likely packed.
> git config --get commit.template
> git -c user.useConfigOnly=true commit --quiet --allow-empty-message --file -
> git status -z -u
> git symbolic-ref --short HEAD
> git for-each-ref --format=%(refname)%00%(upstream:short)%00%(upstream:track)%00%(objectname) refs/heads/master refs/remotes/master
> git for-each-ref --sort -committerdate --format %(refname) %(objectname) %(*objectname)
> git remote --verbose
Warning: Failed to watch ref '/root/moviesajo-1/.git/refs/remotes/origin/master', is most likely packed.
> git config --get commit.template
> git config --get commit.template
> git ls-files --stage -- /root/moviesajo-1/moviesajo/__init__.py
> git cat-file -s bf3d68f4a0a1c5f69fd700f64679d70f3b234f09
> git show --textconv :moviesajo/__init__.py
> git status -z -u
> git symbolic-ref --short HEAD
> git for-each-ref --format=%(refname)%00%(upstream:short)%00%(upstream:track)%00%(objectname) refs/heads/master refs/remotes/master
> git for-each-ref --sort -committerdate --format %(refname) %(objectname) %(*objectname)
> git remote --verbose
Warning: Failed to watch ref '/root/moviesajo-1/.git/refs/remotes/origin/master', is most likely packed.
> git config --get commit.template
> git log --oneline --cherry master...master@{upstream} --
> git pull --tags origin master
From https://github.com/moviesajo/moviesajo
 * branch            master     -> FETCH_HEAD
> git push origin master:master
remote: Permission to moviesajo/moviesajo.git denied to leehanna0805.
fatal: unable to access 'https://github.com/moviesajo/moviesajo.git/': The requested URL returned error: 403
> git ls-files --stage -- /root/moviesajo-1/moviesajo/__init__.py
> git cat-file -s bf3d68f4a0a1c5f69fd700f64679d70f3b234f09
> git show --textconv :moviesajo/__init__.py
> git status -z -u
> git symbolic-ref --short HEAD
> git for-each-ref --format=%(refname)%00%(upstream:short)%00%(upstream:track)%00%(objectname) refs/heads/master refs/remotes/master
> git for-each-ref --sort -committerdate --format %(refname) %(objectname) %(*objectname)
> git remote --verbose
Warning: Failed to watch ref '/root/moviesajo-1/.git/refs/remotes/origin/master', is most likely packed.
> git config --get commit.template
> git log --oneline --cherry master...master@{upstream} --
> git pull --tags origin master
From https://github.com/moviesajo/moviesajo
 * branch            master     -> FETCH_HEAD
> git push origin master:master
remote: Permission to moviesajo/moviesajo.git denied to leehanna0805.
fatal: unable to access 'https://github.com/moviesajo/moviesajo.git/': The requested URL returned error: 403
> git ls-files --stage -- /root/moviesajo-1/moviesajo/__init__.py
> git cat-file -s bf3d68f4a0a1c5f69fd700f64679d70f3b234f09
> git show --textconv :moviesajo/__init__.py
> git ls-files --stage -- /root/moviesajo-1/moviesajo/__init__.py
> git cat-file -s bf3d68f4a0a1c5f69fd700f64679d70f3b234f09
> git show --textconv :moviesajo/__init__.py
> git log --format=%H%n%aN%n%aE%n%at%n%ct%n%P%n%B -z -n21 -- /root/moviesajo-1/moviesajo/__init__.py
> git show --textconv :moviesajo/asgi.py
> git ls-files --stage -- /root/moviesajo-1/moviesajo/asgi.py
> git cat-file -s baad9a9db4b4a8228c9a195c578eca337d394143
> git show --textconv :moviesajo/settings.py
> git ls-files --stage -- /root/moviesajo-1/moviesajo/settings.py
> git cat-file -s 11fe4fae5809486e7f724ff08bbdeccb36566bb0
> git show --textconv :moviesajo/wsgi.py
> git ls-files --stage -- /root/moviesajo-1/moviesajo/wsgi.py
> git cat-file -s 287fc5b820050abea675cf357ad1237c2e112632
> git show --textconv :moviesajo/__init__.py
> git ls-files --stage -- /root/moviesajo-1/moviesajo/__init__.py
> git cat-file -s bf3d68f4a0a1c5f69fd700f64679d70f3b234f09
> git push origin master:master
git@github.com: Permission denied (publickey).
fatal: Could not read from remote repository.

Please make sure you have the correct access rights
and the repository exists.
> git ls-files --stage -- /root/moviesajo-1/moviesajo/__init__.py
> git cat-file -s bf3d68f4a0a1c5f69fd700f64679d70f3b234f09
> git show --textconv :moviesajo/__init__.py
> git ls-files --stage -- /root/moviesajo-1/moviesajo/__init__.py
> git cat-file -s bf3d68f4a0a1c5f69fd700f64679d70f3b234f09
> git show --textconv :moviesajo/__init__.py
> git ls-files --stage -- /root/moviesajo-1/moviesajo/__init__.py
> git cat-file -s bf3d68f4a0a1c5f69fd700f64679d70f3b234f09
> git show --textconv :moviesajo/__init__.py
> git ls-files --stage -- /root/moviesajo-1/moviesajo/__init__.py
> git cat-file -s bf3d68f4a0a1c5f69fd700f64679d70f3b234f09
> git show --textconv :moviesajo/__init__.py
> git log --format=%H%n%aN%n%aE%n%at%n%ct%n%P%n%B -z -n21 -- /root/moviesajo-1/moviesajo/__init__.py
> git check-ignore -v -z --stdin
> git ls-files --stage -- /root/moviesajo-1/moviesajo/__init__.py
