Looking for git in: git
Using git 2.17.1 from git
> git rev-parse --git-dir
Open repository: /root/moviesajo
> git status -z -u
> git symbolic-ref --short HEAD
> git for-each-ref --format=%(refname)%00%(upstream:short)%00%(upstream:track)%00%(objectname) refs/heads/master refs/remotes/master
> git for-each-ref --sort -committerdate --format %(refname) %(objectname) %(*objectname)
> git remote --verbose
> git config --get commit.template
> git check-ignore -v -z --stdin
> git show --textconv :moviesajo/__init__.py
> git ls-files --stage -- /root/moviesajo/moviesajo/__init__.py
> git cat-file -s c3b21819d3e823737fa85e199034a92aa25351f6
> git check-ignore -v -z --stdin
> git show --textconv :moviesajo/asgi.py
> git ls-files --stage -- /root/moviesajo/moviesajo/asgi.py
> git cat-file -s baad9a9db4b4a8228c9a195c578eca337d394143
> git check-ignore -v -z --stdin
> git show --textconv :moviesajo/__init__.py
> git ls-files --stage -- /root/moviesajo/moviesajo/__init__.py
> git cat-file -s c3b21819d3e823737fa85e199034a92aa25351f6
> git check-ignore -v -z --stdin
> git log --oneline --cherry master...master@{upstream} --
> git pull --tags origin master
> git ls-files --stage -- /root/moviesajo/moviesajo/__init__.py
> git cat-file -s c3b21819d3e823737fa85e199034a92aa25351f6
> git show --textconv :moviesajo/__init__.py
git@github.com: Permission denied (publickey).
fatal: Could not read from remote repository.

Please make sure you have the correct access rights
and the repository exists.
> git log --format=%H%n%aN%n%aE%n%at%n%ct%n%P%n%B -z -n21 -- /root/moviesajo/moviesajo/__init__.py
> git show --textconv :moviesajo/settings.py
> git ls-files --stage -- /root/moviesajo/moviesajo/settings.py
> git cat-file -s 11fe4fae5809486e7f724ff08bbdeccb36566bb0
> git show --textconv :moviesajo/urls.py
> git ls-files --stage -- /root/moviesajo/moviesajo/urls.py
> git cat-file -s 993239216501bc60753400f0eb91b905f65b5ea0
> git show --textconv :moviesajo/__init__.py
> git ls-files --stage -- /root/moviesajo/moviesajo/__init__.py
> git cat-file -s c3b21819d3e823737fa85e199034a92aa25351f6
> git show --textconv :moviesajo/asgi.py
> git ls-files --stage -- /root/moviesajo/moviesajo/asgi.py
> git cat-file -s baad9a9db4b4a8228c9a195c578eca337d394143
> git show --textconv :moviesajo/wsgi.py
> git ls-files --stage -- /root/moviesajo/moviesajo/wsgi.py
> git cat-file -s 287fc5b820050abea675cf357ad1237c2e112632
> git show --textconv :moviesajo/urls.py
> git ls-files --stage -- /root/moviesajo/moviesajo/urls.py
> git cat-file -s 993239216501bc60753400f0eb91b905f65b5ea0
> git show --textconv :moviesajo/settings.py
> git ls-files --stage -- /root/moviesajo/moviesajo/settings.py
> git cat-file -s 11fe4fae5809486e7f724ff08bbdeccb36566bb0
