[2021-03-08 17:27:24.331] [exthost] [info] extension host started
[2021-03-08 17:27:24.415] [exthost] [info] ExtensionService#_doActivateExtension ms-toolsai.jupyter {"startup":false,"extensionId":{"value":"ms-toolsai.jupyter","_lower":"ms-toolsai.jupyter"},"activationEvent":"onLanguage:python"}
[2021-03-08 17:27:24.415] [exthost] [info] ExtensionService#loadCommonJSModule file:///root/.vscode-server/extensions/ms-toolsai.jupyter-2021.3.619093157/out/client/extension
[2021-03-08 17:27:25.018] [exthost] [info] ExtensionService#_doActivateExtension vscode.debug-auto-launch {"startup":true,"extensionId":{"value":"vscode.debug-auto-launch","_lower":"vscode.debug-auto-launch"},"activationEvent":"*"}
[2021-03-08 17:27:25.018] [exthost] [info] ExtensionService#loadCommonJSModule file:///root/.vscode-server/bin/f30a9b73e8ffc278e71575118b6bf568f04587c8/extensions/debug-auto-launch/dist/extension
[2021-03-08 17:27:25.022] [exthost] [info] ExtensionService#_doActivateExtension vscode.git {"startup":true,"extensionId":{"value":"vscode.github","_lower":"vscode.github"},"activationEvent":"*"}
[2021-03-08 17:27:25.022] [exthost] [info] ExtensionService#loadCommonJSModule file:///root/.vscode-server/bin/f30a9b73e8ffc278e71575118b6bf568f04587c8/extensions/git/dist/main
[2021-03-08 17:27:25.161] [exthost] [info] ExtensionService#_doActivateExtension vscode.github {"startup":true,"extensionId":{"value":"vscode.github","_lower":"vscode.github"},"activationEvent":"*"}
[2021-03-08 17:27:25.161] [exthost] [info] ExtensionService#loadCommonJSModule file:///root/.vscode-server/bin/f30a9b73e8ffc278e71575118b6bf568f04587c8/extensions/github/dist/extension.js
[2021-03-08 17:27:26.253] [exthost] [info] ExtensionService#_doActivateExtension vscode.emmet {"startup":false,"extensionId":{"value":"vscode.emmet","_lower":"vscode.emmet"},"activationEvent":"onStartupFinished"}
[2021-03-08 17:27:26.253] [exthost] [info] ExtensionService#loadCommonJSModule file:///root/.vscode-server/bin/f30a9b73e8ffc278e71575118b6bf568f04587c8/extensions/emmet/dist/node/emmetNodeMain
[2021-03-08 17:27:26.267] [exthost] [info] ExtensionService#_doActivateExtension vscode.merge-conflict {"startup":false,"extensionId":{"value":"vscode.merge-conflict","_lower":"vscode.merge-conflict"},"activationEvent":"onStartupFinished"}
[2021-03-08 17:27:26.268] [exthost] [info] ExtensionService#loadCommonJSModule file:///root/.vscode-server/bin/f30a9b73e8ffc278e71575118b6bf568f04587c8/extensions/merge-conflict/dist/mergeConflictMain
[2021-03-08 17:27:26.272] [exthost] [info] ExtensionService#_doActivateExtension vscode.testing-editor-contributions {"startup":false,"extensionId":{"value":"vscode.testing-editor-contributions","_lower":"vscode.testing-editor-contributions"},"activationEvent":"onStartupFinished"}
[2021-03-08 17:27:26.272] [exthost] [info] ExtensionService#loadCommonJSModule file:///root/.vscode-server/bin/f30a9b73e8ffc278e71575118b6bf568f04587c8/extensions/testing-editor-contributions/dist/extension.js
[2021-03-08 17:27:26.273] [exthost] [info] eager extensions activated
[2021-03-08 17:27:26.329] [exthost] [info] ExtensionService#_doActivateExtension ms-vscode.js-debug {"startup":false,"extensionId":{"value":"ms-vscode.js-debug","_lower":"ms-vscode.js-debug"},"activationEvent":"onCommand:extension.js-debug.clearAutoAttachVariables"}
[2021-03-08 17:27:26.329] [exthost] [info] ExtensionService#loadCommonJSModule file:///root/.vscode-server/bin/f30a9b73e8ffc278e71575118b6bf568f04587c8/extensions/ms-vscode.js-debug/src/extension.js
[2021-03-08 17:27:26.653] [exthost] [info] ExtensionService#_doActivateExtension ms-python.python {"startup":false,"extensionId":{"value":"ms-python.python","_lower":"ms-python.python"},"activationEvent":"onLanguage:python"}
[2021-03-08 17:27:26.653] [exthost] [info] ExtensionService#loadCommonJSModule file:///root/.vscode-server/extensions/ms-python.python-2021.2.625869727/out/client/extension
[2021-03-08 17:27:54.961] [exthost] [info] ExtensionService#_doActivateExtension vscode.grunt {"startup":false,"extensionId":{"value":"vscode.grunt","_lower":"vscode.grunt"},"activationEvent":"onCommand:workbench.action.tasks.runTask"}
[2021-03-08 17:27:54.961] [exthost] [info] ExtensionService#loadCommonJSModule file:///root/.vscode-server/bin/f30a9b73e8ffc278e71575118b6bf568f04587c8/extensions/grunt/dist/main
[2021-03-08 17:27:54.975] [exthost] [info] ExtensionService#_doActivateExtension vscode.gulp {"startup":false,"extensionId":{"value":"vscode.gulp","_lower":"vscode.gulp"},"activationEvent":"onCommand:workbench.action.tasks.runTask"}
[2021-03-08 17:27:54.976] [exthost] [info] ExtensionService#loadCommonJSModule file:///root/.vscode-server/bin/f30a9b73e8ffc278e71575118b6bf568f04587c8/extensions/gulp/dist/main
[2021-03-08 17:27:54.987] [exthost] [info] ExtensionService#_doActivateExtension vscode.jake {"startup":false,"extensionId":{"value":"vscode.jake","_lower":"vscode.jake"},"activationEvent":"onCommand:workbench.action.tasks.runTask"}
[2021-03-08 17:27:54.987] [exthost] [info] ExtensionService#loadCommonJSModule file:///root/.vscode-server/bin/f30a9b73e8ffc278e71575118b6bf568f04587c8/extensions/jake/dist/main
[2021-03-08 17:27:55.026] [exthost] [info] ExtensionService#_doActivateExtension vscode.npm {"startup":false,"extensionId":{"value":"vscode.npm","_lower":"vscode.npm"},"activationEvent":"onCommand:workbench.action.tasks.runTask"}
[2021-03-08 17:27:55.026] [exthost] [info] ExtensionService#loadCommonJSModule file:///root/.vscode-server/bin/f30a9b73e8ffc278e71575118b6bf568f04587c8/extensions/npm/dist/npmMain
[2021-03-08 17:27:55.079] [exthost] [info] ExtensionService#_doActivateExtension vscode.typescript-language-features {"startup":false,"extensionId":{"value":"vscode.typescript-language-features","_lower":"vscode.typescript-language-features"},"activationEvent":"onCommand:workbench.action.tasks.runTask"}
[2021-03-08 17:27:55.080] [exthost] [info] ExtensionService#loadCommonJSModule file:///root/.vscode-server/bin/f30a9b73e8ffc278e71575118b6bf568f04587c8/extensions/typescript-language-features/dist/extension
[2021-03-08 17:56:58.763] [exthost] [info] extension host terminating: received terminate message from renderer
[2021-03-08 17:56:59.817] [exthost] [info] exiting with code 0
