[2021-03-07 20:40:02.388] [exthost] [info] extension host started
[2021-03-07 20:40:03.177] [exthost] [info] ExtensionService#_doActivateExtension vscode.debug-auto-launch {"startup":true,"extensionId":{"value":"vscode.debug-auto-launch","_lower":"vscode.debug-auto-launch"},"activationEvent":"*"}
[2021-03-07 20:40:03.178] [exthost] [info] ExtensionService#loadCommonJSModule file:///root/.vscode-server/bin/622cb03f7e070a9670c94bae1a45d78d7181fbd4/extensions/debug-auto-launch/dist/extension
[2021-03-07 20:40:03.185] [exthost] [info] ExtensionService#_doActivateExtension vscode.git {"startup":true,"extensionId":{"value":"vscode.github","_lower":"vscode.github"},"activationEvent":"*"}
[2021-03-07 20:40:03.185] [exthost] [info] ExtensionService#loadCommonJSModule file:///root/.vscode-server/bin/622cb03f7e070a9670c94bae1a45d78d7181fbd4/extensions/git/dist/main
[2021-03-07 20:40:04.939] [exthost] [info] ExtensionService#_doActivateExtension vscode.github {"startup":true,"extensionId":{"value":"vscode.github","_lower":"vscode.github"},"activationEvent":"*"}
[2021-03-07 20:40:04.940] [exthost] [info] ExtensionService#loadCommonJSModule file:///root/.vscode-server/bin/622cb03f7e070a9670c94bae1a45d78d7181fbd4/extensions/github/dist/extension.js
[2021-03-07 20:40:05.141] [exthost] [info] ExtensionService#_doActivateExtension vscode.emmet {"startup":false,"extensionId":{"value":"vscode.emmet","_lower":"vscode.emmet"},"activationEvent":"onStartupFinished"}
[2021-03-07 20:40:05.142] [exthost] [info] ExtensionService#loadCommonJSModule file:///root/.vscode-server/bin/622cb03f7e070a9670c94bae1a45d78d7181fbd4/extensions/emmet/dist/node/emmetNodeMain
[2021-03-07 20:40:05.157] [exthost] [info] ExtensionService#_doActivateExtension vscode.merge-conflict {"startup":false,"extensionId":{"value":"vscode.merge-conflict","_lower":"vscode.merge-conflict"},"activationEvent":"onStartupFinished"}
[2021-03-07 20:40:05.158] [exthost] [info] ExtensionService#loadCommonJSModule file:///root/.vscode-server/bin/622cb03f7e070a9670c94bae1a45d78d7181fbd4/extensions/merge-conflict/dist/mergeConflictMain
[2021-03-07 20:40:05.162] [exthost] [info] ExtensionService#_doActivateExtension vscode.testing-editor-contributions {"startup":false,"extensionId":{"value":"vscode.testing-editor-contributions","_lower":"vscode.testing-editor-contributions"},"activationEvent":"onStartupFinished"}
[2021-03-07 20:40:05.162] [exthost] [info] ExtensionService#loadCommonJSModule file:///root/.vscode-server/bin/622cb03f7e070a9670c94bae1a45d78d7181fbd4/extensions/testing-editor-contributions/dist/extension.js
[2021-03-07 20:40:05.166] [exthost] [info] eager extensions activated
[2021-03-07 20:40:05.301] [exthost] [info] ExtensionService#_doActivateExtension ms-vscode.js-debug {"startup":false,"extensionId":{"value":"ms-vscode.js-debug","_lower":"ms-vscode.js-debug"},"activationEvent":"onCommand:extension.js-debug.clearAutoAttachVariables"}
[2021-03-07 20:40:05.301] [exthost] [info] ExtensionService#loadCommonJSModule file:///root/.vscode-server/bin/622cb03f7e070a9670c94bae1a45d78d7181fbd4/extensions/ms-vscode.js-debug/src/extension.js
[2021-03-07 20:46:48.320] [exthost] [warning] [Decorations] CAPPING events from decorations provider vscode.git 1965
[2021-03-07 20:46:50.206] [exthost] [warning] [Decorations] CAPPING events from decorations provider vscode.git 1965
[2021-03-07 20:46:55.374] [exthost] [warning] [Decorations] CAPPING events from decorations provider vscode.git 1965
[2021-03-07 20:47:00.476] [exthost] [warning] [Decorations] CAPPING events from decorations provider vscode.git 1965
[2021-03-07 20:47:11.401] [exthost] [warning] [Decorations] CAPPING events from decorations provider vscode.git 1965
[2021-03-07 20:47:16.485] [exthost] [warning] [Decorations] CAPPING events from decorations provider vscode.git 1965
[2021-03-07 20:47:21.578] [exthost] [warning] [Decorations] CAPPING events from decorations provider vscode.git 1965
[2021-03-07 20:47:26.660] [exthost] [warning] [Decorations] CAPPING events from decorations provider vscode.git 1965
[2021-03-07 20:47:31.785] [exthost] [warning] [Decorations] CAPPING events from decorations provider vscode.git 1965
[2021-03-07 20:47:36.934] [exthost] [warning] [Decorations] CAPPING events from decorations provider vscode.git 1965
[2021-03-07 20:47:42.022] [exthost] [warning] [Decorations] CAPPING events from decorations provider vscode.git 1965
[2021-03-07 20:47:47.126] [exthost] [warning] [Decorations] CAPPING events from decorations provider vscode.git 1965
[2021-03-07 20:47:52.223] [exthost] [warning] [Decorations] CAPPING events from decorations provider vscode.git 1965
[2021-03-07 20:47:57.364] [exthost] [warning] [Decorations] CAPPING events from decorations provider vscode.git 1965
[2021-03-07 20:48:02.468] [exthost] [warning] [Decorations] CAPPING events from decorations provider vscode.git 1965
[2021-03-07 20:48:07.553] [exthost] [warning] [Decorations] CAPPING events from decorations provider vscode.git 1965
[2021-03-07 20:48:12.664] [exthost] [warning] [Decorations] CAPPING events from decorations provider vscode.git 1965
[2021-03-07 20:48:17.769] [exthost] [warning] [Decorations] CAPPING events from decorations provider vscode.git 1965
[2021-03-07 20:48:22.861] [exthost] [warning] [Decorations] CAPPING events from decorations provider vscode.git 1965
[2021-03-07 20:48:27.970] [exthost] [warning] [Decorations] CAPPING events from decorations provider vscode.git 1965
[2021-03-07 20:48:30.499] [exthost] [info] extension host terminating: received terminate message from renderer
[2021-03-07 20:48:31.511] [exthost] [info] exiting with code 0
