[2021-03-07 15:57:38.458] [exthost] [info] extension host started
[2021-03-07 15:57:38.520] [exthost] [info] ExtensionService#_doActivateExtension vscode.debug-auto-launch {"startup":true,"extensionId":{"value":"vscode.debug-auto-launch","_lower":"vscode.debug-auto-launch"},"activationEvent":"*"}
[2021-03-07 15:57:38.521] [exthost] [info] ExtensionService#loadCommonJSModule file:///root/.vscode-server/bin/622cb03f7e070a9670c94bae1a45d78d7181fbd4/extensions/debug-auto-launch/dist/extension
[2021-03-07 15:57:38.526] [exthost] [info] ExtensionService#_doActivateExtension vscode.git {"startup":true,"extensionId":{"value":"vscode.github","_lower":"vscode.github"},"activationEvent":"*"}
[2021-03-07 15:57:38.526] [exthost] [info] ExtensionService#loadCommonJSModule file:///root/.vscode-server/bin/622cb03f7e070a9670c94bae1a45d78d7181fbd4/extensions/git/dist/main
[2021-03-07 15:57:39.238] [exthost] [info] ExtensionService#_doActivateExtension ms-vscode.js-debug {"startup":false,"extensionId":{"value":"ms-vscode.js-debug","_lower":"ms-vscode.js-debug"},"activationEvent":"onCommand:extension.js-debug.clearAutoAttachVariables"}
[2021-03-07 15:57:39.238] [exthost] [info] ExtensionService#loadCommonJSModule file:///root/.vscode-server/bin/622cb03f7e070a9670c94bae1a45d78d7181fbd4/extensions/ms-vscode.js-debug/src/extension.js
[2021-03-07 15:57:39.742] [exthost] [info] ExtensionService#_doActivateExtension vscode.github {"startup":true,"extensionId":{"value":"vscode.github","_lower":"vscode.github"},"activationEvent":"*"}
[2021-03-07 15:57:39.743] [exthost] [info] ExtensionService#loadCommonJSModule file:///root/.vscode-server/bin/622cb03f7e070a9670c94bae1a45d78d7181fbd4/extensions/github/dist/extension.js
[2021-03-07 15:57:39.811] [exthost] [info] ExtensionService#_doActivateExtension vscode.emmet {"startup":false,"extensionId":{"value":"vscode.emmet","_lower":"vscode.emmet"},"activationEvent":"onStartupFinished"}
[2021-03-07 15:57:39.811] [exthost] [info] ExtensionService#loadCommonJSModule file:///root/.vscode-server/bin/622cb03f7e070a9670c94bae1a45d78d7181fbd4/extensions/emmet/dist/node/emmetNodeMain
[2021-03-07 15:57:39.827] [exthost] [info] ExtensionService#_doActivateExtension vscode.merge-conflict {"startup":false,"extensionId":{"value":"vscode.merge-conflict","_lower":"vscode.merge-conflict"},"activationEvent":"onStartupFinished"}
[2021-03-07 15:57:39.827] [exthost] [info] ExtensionService#loadCommonJSModule file:///root/.vscode-server/bin/622cb03f7e070a9670c94bae1a45d78d7181fbd4/extensions/merge-conflict/dist/mergeConflictMain
[2021-03-07 15:57:39.831] [exthost] [info] ExtensionService#_doActivateExtension vscode.testing-editor-contributions {"startup":false,"extensionId":{"value":"vscode.testing-editor-contributions","_lower":"vscode.testing-editor-contributions"},"activationEvent":"onStartupFinished"}
[2021-03-07 15:57:39.831] [exthost] [info] ExtensionService#loadCommonJSModule file:///root/.vscode-server/bin/622cb03f7e070a9670c94bae1a45d78d7181fbd4/extensions/testing-editor-contributions/dist/extension.js
[2021-03-07 15:57:39.834] [exthost] [info] eager extensions activated
[2021-03-07 15:57:41.045] [exthost] [info] ExtensionService#_doActivateExtension vscode.configuration-editing {"startup":false,"extensionId":{"value":"vscode.configuration-editing","_lower":"vscode.configuration-editing"},"activationEvent":"onLanguage:jsonc"}
[2021-03-07 15:57:41.045] [exthost] [info] ExtensionService#loadCommonJSModule file:///root/.vscode-server/bin/622cb03f7e070a9670c94bae1a45d78d7181fbd4/extensions/configuration-editing/dist/configurationEditingMain
[2021-03-07 15:57:41.050] [exthost] [info] ExtensionService#_doActivateExtension vscode.json-language-features {"startup":false,"extensionId":{"value":"vscode.json-language-features","_lower":"vscode.json-language-features"},"activationEvent":"onLanguage:jsonc"}
[2021-03-07 15:57:41.050] [exthost] [info] ExtensionService#loadCommonJSModule file:///root/.vscode-server/bin/622cb03f7e070a9670c94bae1a45d78d7181fbd4/extensions/json-language-features/client/dist/node/jsonClientMain
[2021-03-07 15:57:41.102] [exthost] [info] ExtensionService#_doActivateExtension vscode.typescript-language-features {"startup":false,"extensionId":{"value":"vscode.typescript-language-features","_lower":"vscode.typescript-language-features"},"activationEvent":"onLanguage:jsonc"}
[2021-03-07 15:57:41.102] [exthost] [info] ExtensionService#loadCommonJSModule file:///root/.vscode-server/bin/622cb03f7e070a9670c94bae1a45d78d7181fbd4/extensions/typescript-language-features/dist/extension
[2021-03-07 16:21:45.941] [exthost] [info] extension host terminating: received terminate message from renderer
[2021-03-07 16:21:48.293] [exthost] [info] exiting with code 0
