Looking for git in: git
Using git 2.17.1 from git
> git rev-parse --git-dir
Open repository: /root/moviesajo
> git status -z -u
> git symbolic-ref --short HEAD
> git for-each-ref --format=%(refname)%00%(upstream:short)%00%(upstream:track)%00%(objectname) refs/heads/master refs/remotes/master
> git for-each-ref --sort -committerdate --format %(refname) %(objectname) %(*objectname)
> git remote --verbose
> git config --get commit.template
> git check-ignore -v -z --stdin
> git show --textconv :moviesajo/__init__.py
> git ls-files --stage -- /root/moviesajo/moviesajo/__init__.py
> git cat-file -s c3b21819d3e823737fa85e199034a92aa25351f6
> git log --oneline --cherry master...master@{upstream} --
> git pull --tags origin master
git@github.com: Permission denied (publickey).
fatal: Could not read from remote repository.

Please make sure you have the correct access rights
and the repository exists.
> git ls-files --stage -- /root/moviesajo/moviesajo/__init__.py
> git cat-file -s c3b21819d3e823737fa85e199034a92aa25351f6
> git show --textconv :moviesajo/__init__.py
> git status -z -u
> git symbolic-ref --short HEAD
> git for-each-ref --format=%(refname)%00%(upstream:short)%00%(upstream:track)%00%(objectname) refs/heads/master refs/remotes/master
> git for-each-ref --sort -committerdate --format %(refname) %(objectname) %(*objectname)
> git remote --verbose
> git config --get commit.template
> git log --oneline --cherry master...master@{upstream} --
> git pull --tags origin master
git@github.com: Permission denied (publickey).
fatal: Could not read from remote repository.

Please make sure you have the correct access rights
and the repository exists.
> git ls-files --stage -- /root/moviesajo/moviesajo/__init__.py
> git cat-file -s c3b21819d3e823737fa85e199034a92aa25351f6
> git show --textconv :moviesajo/__init__.py
> git status -z -u
> git symbolic-ref --short HEAD
> git for-each-ref --format=%(refname)%00%(upstream:short)%00%(upstream:track)%00%(objectname) refs/heads/master refs/remotes/master
> git for-each-ref --sort -committerdate --format %(refname) %(objectname) %(*objectname)
> git remote --verbose
> git config --get commit.template
> git log --format=%H%n%aN%n%aE%n%at%n%ct%n%P%n%B -z -n21 -- /root/moviesajo/moviesajo/__init__.py
