Looking for git in: git
Using git 2.17.1 from git
> git rev-parse --git-dir
Open repository: /root/moviesajo
> git status -z -u
> git symbolic-ref --short HEAD
> git for-each-ref --format=%(refname)%00%(upstream:short)%00%(upstream:track)%00%(objectname) refs/heads/master refs/remotes/master
> git for-each-ref --sort -committerdate --format %(refname) %(objectname) %(*objectname)
> git remote --verbose
> git config --get commit.template
> git check-ignore -v -z --stdin
> git show --textconv :moviesajo/__init__.py
> git ls-files --stage -- /root/moviesajo/moviesajo/__init__.py
> git cat-file -s c3b21819d3e823737fa85e199034a92aa25351f6
> git -c user.useConfigOnly=true commit --quiet --allow-empty-message --file -
> git status -z -u
> git symbolic-ref --short HEAD
> git for-each-ref --format=%(refname)%00%(upstream:short)%00%(upstream:track)%00%(objectname) refs/heads/master refs/remotes/master
> git for-each-ref --sort -committerdate --format %(refname) %(objectname) %(*objectname)
> git remote --verbose
> git config --get commit.template
> git config --get commit.template
> git ls-files --stage -- /root/moviesajo/moviesajo/__init__.py
> git cat-file -s c3b21819d3e823737fa85e199034a92aa25351f6
> git show --textconv :moviesajo/__init__.py
> git status -z -u
> git symbolic-ref --short HEAD
> git for-each-ref --format=%(refname)%00%(upstream:short)%00%(upstream:track)%00%(objectname) refs/heads/master refs/remotes/master
> git for-each-ref --sort -committerdate --format %(refname) %(objectname) %(*objectname)
> git remote --verbose
> git config --get commit.template
> git log --oneline --cherry master...master@{upstream} --
> git pull --tags origin master
From https://github.com/moviesajo/moviesajo
 * branch            master     -> FETCH_HEAD
> git push origin master:master
remote: Permission to moviesajo/moviesajo.git denied to leehanna0805.
fatal: unable to access 'https://github.com/moviesajo/moviesajo.git/': The requested URL returned error: 403
> git ls-files --stage -- /root/moviesajo/moviesajo/__init__.py
> git cat-file -s c3b21819d3e823737fa85e199034a92aa25351f6
> git show --textconv :moviesajo/__init__.py
> git status -z -u
> git symbolic-ref --short HEAD
> git for-each-ref --format=%(refname)%00%(upstream:short)%00%(upstream:track)%00%(objectname) refs/heads/master refs/remotes/master
> git for-each-ref --sort -committerdate --format %(refname) %(objectname) %(*objectname)
> git remote --verbose
> git config --get commit.template
> git log --format=%H%n%aN%n%aE%n%at%n%ct%n%P%n%B -z -n21 -- /root/moviesajo/moviesajo/__init__.py
> git show --textconv :moviesajo/urls.py
> git ls-files --stage -- /root/moviesajo/moviesajo/urls.py
> git cat-file -s 993239216501bc60753400f0eb91b905f65b5ea0
> git status -z -u
> git symbolic-ref --short HEAD
> git for-each-ref --format=%(refname)%00%(upstream:short)%00%(upstream:track)%00%(objectname) refs/heads/master refs/remotes/master
> git for-each-ref --sort -committerdate --format %(refname) %(objectname) %(*objectname)
> git remote --verbose
> git config --get commit.template
> git ls-files --stage -- /root/moviesajo/moviesajo/urls.py
> git cat-file -s 993239216501bc60753400f0eb91b905f65b5ea0
> git show --textconv :moviesajo/urls.py
> git status -z -u
> git symbolic-ref --short HEAD
> git for-each-ref --format=%(refname)%00%(upstream:short)%00%(upstream:track)%00%(objectname) refs/heads/master refs/remotes/master
> git for-each-ref --sort -committerdate --format %(refname) %(objectname) %(*objectname)
> git remote --verbose
> git config --get commit.template
> git log --format=%H%n%aN%n%aE%n%at%n%ct%n%P%n%B -z -n21 -- /root/moviesajo/moviesajo/urls.py
> git show --textconv :moviesajo/__init__.py
> git ls-files --stage -- /root/moviesajo/moviesajo/__init__.py
> git cat-file -s c3b21819d3e823737fa85e199034a92aa25351f6
> git log --oneline --cherry master...master@{upstream} --
> git pull --tags origin master
git@github.com: Permission denied (publickey).
fatal: Could not read from remote repository.

Please make sure you have the correct access rights
and the repository exists.
> git ls-files --stage -- /root/moviesajo/moviesajo/__init__.py
> git cat-file -s c3b21819d3e823737fa85e199034a92aa25351f6
> git show --textconv :moviesajo/__init__.py
> git status -z -u
> git symbolic-ref --short HEAD
> git for-each-ref --format=%(refname)%00%(upstream:short)%00%(upstream:track)%00%(objectname) refs/heads/master refs/remotes/master
> git for-each-ref --sort -committerdate --format %(refname) %(objectname) %(*objectname)
> git remote --verbose
> git config --get commit.template
> git show --textconv :moviesajo/urls.py
> git ls-files --stage -- /root/moviesajo/moviesajo/urls.py
> git cat-file -s 993239216501bc60753400f0eb91b905f65b5ea0
> git show --textconv :moviesajo/__init__.py
> git ls-files --stage -- /root/moviesajo/moviesajo/__init__.py
> git cat-file -s c3b21819d3e823737fa85e199034a92aa25351f6
> git show --textconv :moviesajo/urls.py
> git ls-files --stage -- /root/moviesajo/moviesajo/urls.py
> git cat-file -s 993239216501bc60753400f0eb91b905f65b5ea0
> git status -z -u
> git symbolic-ref --short HEAD
> git for-each-ref --format=%(refname)%00%(upstream:short)%00%(upstream:track)%00%(objectname) refs/heads/master refs/remotes/master
> git for-each-ref --sort -committerdate --format %(refname) %(objectname) %(*objectname)
> git remote --verbose
> git config --get commit.template
> git ls-files --stage -- /root/moviesajo/moviesajo/urls.py
> git cat-file -s 993239216501bc60753400f0eb91b905f65b5ea0
> git show --textconv :moviesajo/urls.py
> git status -z -u
> git symbolic-ref --short HEAD
> git for-each-ref --format=%(refname)%00%(upstream:short)%00%(upstream:track)%00%(objectname) refs/heads/master refs/remotes/master
> git for-each-ref --sort -committerdate --format %(refname) %(objectname) %(*objectname)
> git remote --verbose
> git config --get commit.template
